<?xml version="1.0" encoding="UTF-8"?>
<!-- Generated by org.testng.reporters.JUnitXMLReporter -->
<testsuite ignored="0" hostname="Harry" failures="0" tests="6" name="ChromeTest" time="0.166" errors="0" timestamp="2024-12-13T13:15:34 IST">
  <testcase classname="LearningBatchExecution.BaseClass" name="@BeforeClass browserSetup" time="-1.734075934697E9">
    <failure type="org.testng.TestNGException" message="
Parameter &amp;apos;browser&amp;apos; is required by BeforeClass on method browserSetup but has not been marked @Optional or defined
in C:\Users\Harry\eclipse-workspace-Selenium\LearningSelenium\BatchExecution.xml">
      <![CDATA[org.testng.TestNGException: 
Parameter 'browser' is required by BeforeClass on method browserSetup but has not been marked @Optional or defined
in C:\Users\Harry\eclipse-workspace-Selenium\LearningSelenium\BatchExecution.xml
at java.base/java.util.ArrayList.forEach(ArrayList.java:1511)
... Removed 22 stack frames]]>
    </failure>
  </testcase> <!-- @BeforeClass browserSetup -->
  <testcase classname="LearningBatchExecution.BaseClass" name="@BeforeMethod login" time="-1.73407593475E9">
    <skipped/>
  </testcase> <!-- @BeforeMethod login -->
  <testcase classname="LearningBatchExecution.BaseClass" name="@AfterMethod logout" time="-1.734075934763E9">
    <skipped/>
  </testcase> <!-- @AfterMethod logout -->
  <testcase classname="LearningBatchExecution.BaseClass" name="@BeforeMethod login" time="-1.734075934765E9">
    <skipped/>
  </testcase> <!-- @BeforeMethod login -->
  <testcase classname="LearningBatchExecution.BaseClass" name="@AfterMethod logout" time="-1.734075934773E9">
    <skipped/>
  </testcase> <!-- @AfterMethod logout -->
  <testcase classname="LearningBatchExecution.BaseClass" name="@BeforeMethod login" time="-1.734075934776E9">
    <skipped/>
  </testcase> <!-- @BeforeMethod login -->
  <testcase classname="LearningBatchExecution.BaseClass" name="@AfterMethod logout" time="-1.734075934782E9">
    <skipped/>
  </testcase> <!-- @AfterMethod logout -->
  <testcase classname="LearningBatchExecution.BaseClass" name="@AfterClass browserTerminate" time="-1.734075934787E9">
    <skipped/>
  </testcase> <!-- @AfterClass browserTerminate -->
  <testcase classname="LearningBatchExecution.BaseClass" name="@BeforeClass browserSetup" time="-1.734075934793E9">
    <failure type="org.testng.TestNGException" message="
Parameter &amp;apos;browser&amp;apos; is required by BeforeClass on method browserSetup but has not been marked @Optional or defined
in C:\Users\Harry\eclipse-workspace-Selenium\LearningSelenium\BatchExecution.xml">
      <![CDATA[org.testng.TestNGException: 
Parameter 'browser' is required by BeforeClass on method browserSetup but has not been marked @Optional or defined
in C:\Users\Harry\eclipse-workspace-Selenium\LearningSelenium\BatchExecution.xml
at java.base/java.util.ArrayList.forEach(ArrayList.java:1511)
... Removed 22 stack frames]]>
    </failure>
  </testcase> <!-- @BeforeClass browserSetup -->
  <testcase classname="LearningBatchExecution.BaseClass" name="@BeforeMethod login" time="-1.734075934797E9">
    <skipped/>
  </testcase> <!-- @BeforeMethod login -->
  <testcase classname="LearningBatchExecution.BaseClass" name="@AfterMethod logout" time="-1.734075934807E9">
    <skipped/>
  </testcase> <!-- @AfterMethod logout -->
  <testcase classname="LearningBatchExecution.BaseClass" name="@BeforeMethod login" time="-1.734075934811E9">
    <skipped/>
  </testcase> <!-- @BeforeMethod login -->
  <testcase classname="LearningBatchExecution.BaseClass" name="@AfterMethod logout" time="-1.734075934814E9">
    <skipped/>
  </testcase> <!-- @AfterMethod logout -->
  <testcase classname="LearningBatchExecution.BaseClass" name="@BeforeMethod login" time="-1.734075934815E9">
    <skipped/>
  </testcase> <!-- @BeforeMethod login -->
  <testcase classname="LearningBatchExecution.BaseClass" name="@AfterMethod logout" time="-1.734075934819E9">
    <skipped/>
  </testcase> <!-- @AfterMethod logout -->
  <testcase classname="LearningBatchExecution.BaseClass" name="@AfterClass browserTerminate" time="-1.734075934821E9">
    <skipped/>
  </testcase> <!-- @AfterClass browserTerminate -->
  <testcase classname="LearningBatchExecution.VerifyUserAbleToAddProduct" name="addFirstProduct" time="0.0">
    <skipped/>
  </testcase> <!-- addFirstProduct -->
  <testcase classname="LearningBatchExecution.VerifyUserAbleToAddProduct" name="addSecondProduct" time="0.0">
    <skipped/>
  </testcase> <!-- addSecondProduct -->
  <testcase classname="LearningBatchExecution.VerifyUserAbleToAddProduct" name="addThirdProduct" time="0.0">
    <skipped/>
  </testcase> <!-- addThirdProduct -->
  <testcase classname="LearningBatchExecution.VerifyUserAbleToRemoveProduct" name="removeFirstProduct" time="0.0">
    <skipped/>
  </testcase> <!-- removeFirstProduct -->
  <testcase classname="LearningBatchExecution.VerifyUserAbleToRemoveProduct" name="removeSecondProduct" time="0.0">
    <skipped/>
  </testcase> <!-- removeSecondProduct -->
  <testcase classname="LearningBatchExecution.VerifyUserAbleToRemoveProduct" name="removeThirdProduct" time="0.0">
    <skipped/>
  </testcase> <!-- removeThirdProduct -->
</testsuite> <!-- ChromeTest -->
